[21:01:50.734][INFO][CraftTweaker-EarlyInit]: CraftTweaker is running on a Minecraft 1.20.1 production server modded with platform Forge
[21:01:50.742][INFO][CraftTweaker-EarlyInit]: Successfully injected RecipeFS file system
[21:01:50.810][INFO][CraftTweaker-Plugins]: Successfully identified and loaded plugin crafttweaker:builtin
[21:01:50.811][INFO][CraftTweaker-Plugins]: Successfully identified and loaded plugin crafttweaker:builtin_forge
[21:01:51.564][INFO][CraftTweaker]: The following mods have explicit CraftTweaker support through the default plugin:
[21:01:51.566][INFO][CraftTweaker]: - 'crafttweaker' at version '14.0.57'
[21:01:54.759][INFO][CraftTweaker-ZenCode]: Started loading scripts for loader 'initialize'
[21:01:55.107][INFO][CraftTweaker-ZenCode]: Compiling and executing scripts
[21:01:55.130][INFO][CraftTweaker-ZenCode]: Successfully initialized modules [crafttweaker, expansions]
[21:01:55.203][INFO][CraftTweaker-ZenCode]: Execution for loader 'initialize' completed successfully
[21:01:59.137][INFO][CraftTweaker-ZenCode]: Started loading scripts for loader 'tags'
[21:01:59.174][INFO][CraftTweaker-ZenCode]: Compiling and executing scripts
[21:01:59.195][INFO][CraftTweaker-ZenCode]: Successfully initialized modules [crafttweaker, expansions]
[21:01:59.209][INFO][CraftTweaker-ZenCode]: Execution for loader 'tags' completed successfully
[21:01:59.439][INFO][CraftTweaker]: crafttweaker.reload.start
[21:01:59.441][INFO][CraftTweaker-ZenCode]: Started loading scripts for loader 'crafttweaker'
[21:01:59.460][INFO][CraftTweaker-ZenCode]: Compiling and executing scripts
[21:01:59.909][INFO][CraftTweaker-ZenCode]: Successfully initialized modules [crafttweaker, expansions]
[21:01:59.919][INFO][CraftTweaker-ZenCode]: Execution for loader 'crafttweaker' completed successfully
[21:01:59.920][INFO][CraftTweaker]: crafttweaker.reload.complete
